CARTILE DUPA REDUCEREA PRETULUI:

 0. Cartea <To Kill a Mockingbird> scrisa de <Harper Lee> publicata in <1960> costa <12.79>
 1. Cartea <1984> scrisa de <George Orwell> publicata in <1949> costa <11.99>
 2. Cartea <Pride and Prejudice> scrisa de <Jane Austen> publicata in <1813> costa <10.39>
 3. Cartea <The Great Gatsby> scrisa de <F. Scott Fitzgerald> publicata in <1925> costa <10.79>
 4. Cartea <Moby-Dick> scrisa de <Herman Melville> publicata in <1851> costa <14.39>
 5. Cartea <War and Peace> scrisa de <Leo Tolstoy> publicata in <1869> costa <16.79>
 6. Cartea <The Catcher in the Rye> scrisa de <J.D. Salinger> publicata in <1951> costa <11.59>
 7. Cartea <The Lord of the Rings> scrisa de <J.R.R. Tolkien> publicata in <1954> costa <20.79>
 8. Cartea <Harry Potter and the Sorcerer's Stone> scrisa de <J.K. Rowling> publicata in <1997> costa <18.39>
 9. Cartea <The Hobbit> scrisa de <J.R.R. Tolkien> publicata in <1937> costa <12.79>
10. Cartea <A Game of Thrones> scrisa de <George R.R. Martin> publicata in <1996> costa <15.99>
11. Cartea <Good Omens> scrisa de <Terry Pratchett, Neil Gaiman> publicata in <1990> costa <13.59>
12. Cartea <The Name of the Wind> scrisa de <Patrick Rothfuss> publicata in <2007> costa <18.99>
13. Cartea <Brave New World> scrisa de <Aldous Huxley> publicata in <1932> costa <11.19>
14. Cartea <The Alchemist> scrisa de <Paulo Coelho> publicata in <1988> costa <13.19>
15. Cartea <Dune> scrisa de <Frank Herbert> publicata in <1965> costa <16.79>
16. Cartea <The Hunger Games> scrisa de <Suzanne Collins> publicata in <2008> costa <14.99>
17. Cartea <The Girl with the Dragon Tattoo> scrisa de <Stieg Larsson> publicata in <2005> costa <15.49>
18. Cartea <The Silent Patient> scrisa de <Alex Michaelides> publicata in <2019> costa <17.49>
19. Cartea <Sapiens: A Brief History of Humankind> scrisa de <Yuval Noah Harari> publicata in <2011> costa <21.99>
-------------------------------------------------------------------------------------------------------------------

A) ASCENDENT DUPA AN, APOI ASCENDENT DUPA TITLU:

 0. Cartea <Pride and Prejudice> scrisa de <Jane Austen> publicata in <1813> costa <10.39>
 1. Cartea <Moby-Dick> scrisa de <Herman Melville> publicata in <1851> costa <14.39>
 2. Cartea <War and Peace> scrisa de <Leo Tolstoy> publicata in <1869> costa <16.79>
 3. Cartea <The Great Gatsby> scrisa de <F. Scott Fitzgerald> publicata in <1925> costa <10.79>
 4. Cartea <Brave New World> scrisa de <Aldous Huxley> publicata in <1932> costa <11.19>
 5. Cartea <The Hobbit> scrisa de <J.R.R. Tolkien> publicata in <1937> costa <12.79>
 6. Cartea <1984> scrisa de <George Orwell> publicata in <1949> costa <11.99>
 7. Cartea <The Catcher in the Rye> scrisa de <J.D. Salinger> publicata in <1951> costa <11.59>
 8. Cartea <The Lord of the Rings> scrisa de <J.R.R. Tolkien> publicata in <1954> costa <20.79>
 9. Cartea <To Kill a Mockingbird> scrisa de <Harper Lee> publicata in <1960> costa <12.79>
10. Cartea <Dune> scrisa de <Frank Herbert> publicata in <1965> costa <16.79>
11. Cartea <The Alchemist> scrisa de <Paulo Coelho> publicata in <1988> costa <13.19>
12. Cartea <Good Omens> scrisa de <Terry Pratchett, Neil Gaiman> publicata in <1990> costa <13.59>
13. Cartea <A Game of Thrones> scrisa de <George R.R. Martin> publicata in <1996> costa <15.99>
14. Cartea <Harry Potter and the Sorcerer's Stone> scrisa de <J.K. Rowling> publicata in <1997> costa <18.39>
15. Cartea <The Girl with the Dragon Tattoo> scrisa de <Stieg Larsson> publicata in <2005> costa <15.49>
16. Cartea <The Name of the Wind> scrisa de <Patrick Rothfuss> publicata in <2007> costa <18.99>
17. Cartea <The Hunger Games> scrisa de <Suzanne Collins> publicata in <2008> costa <14.99>
18. Cartea <Sapiens: A Brief History of Humankind> scrisa de <Yuval Noah Harari> publicata in <2011> costa <21.99>
19. Cartea <The Silent Patient> scrisa de <Alex Michaelides> publicata in <2019> costa <17.49>
-------------------------------------------------------------------------------------------------------------------

B) DESCENDENT DUPA NUMARUL DE AUTORI, APOI DESCENDENT DUPA PRET:

 0. Cartea <Good Omens> scrisa de <Terry Pratchett, Neil Gaiman> publicata in <1990> costa <13.59>
 1. Cartea <Sapiens: A Brief History of Humankind> scrisa de <Yuval Noah Harari> publicata in <2011> costa <21.99>
 2. Cartea <The Lord of the Rings> scrisa de <J.R.R. Tolkien> publicata in <1954> costa <20.79>
 3. Cartea <The Name of the Wind> scrisa de <Patrick Rothfuss> publicata in <2007> costa <18.99>
 4. Cartea <Harry Potter and the Sorcerer's Stone> scrisa de <J.K. Rowling> publicata in <1997> costa <18.39>
 5. Cartea <The Silent Patient> scrisa de <Alex Michaelides> publicata in <2019> costa <17.49>
 6. Cartea <War and Peace> scrisa de <Leo Tolstoy> publicata in <1869> costa <16.79>
 7. Cartea <Dune> scrisa de <Frank Herbert> publicata in <1965> costa <16.79>
 8. Cartea <A Game of Thrones> scrisa de <George R.R. Martin> publicata in <1996> costa <15.99>
 9. Cartea <The Girl with the Dragon Tattoo> scrisa de <Stieg Larsson> publicata in <2005> costa <15.49>
10. Cartea <The Hunger Games> scrisa de <Suzanne Collins> publicata in <2008> costa <14.99>
11. Cartea <Moby-Dick> scrisa de <Herman Melville> publicata in <1851> costa <14.39>
12. Cartea <The Alchemist> scrisa de <Paulo Coelho> publicata in <1988> costa <13.19>
13. Cartea <To Kill a Mockingbird> scrisa de <Harper Lee> publicata in <1960> costa <12.79>
14. Cartea <The Hobbit> scrisa de <J.R.R. Tolkien> publicata in <1937> costa <12.79>
15. Cartea <1984> scrisa de <George Orwell> publicata in <1949> costa <11.99>
16. Cartea <The Catcher in the Rye> scrisa de <J.D. Salinger> publicata in <1951> costa <11.59>
17. Cartea <Brave New World> scrisa de <Aldous Huxley> publicata in <1932> costa <11.19>
18. Cartea <The Great Gatsby> scrisa de <F. Scott Fitzgerald> publicata in <1925> costa <10.79>
19. Cartea <Pride and Prejudice> scrisa de <Jane Austen> publicata in <1813> costa <10.39>
-------------------------------------------------------------------------------------------------------------------

C) ASCENDENT DUPA PRENUME, APOI DUPA NUME, APOI DUPA TITLU, APOI DUPA AN:

 0. Cartea <Brave New World> scrisa de <Aldous Huxley> publicata in <1932> costa <11.19>
 1. Cartea <The Silent Patient> scrisa de <Alex Michaelides> publicata in <2019> costa <17.49>
 2. Cartea <The Great Gatsby> scrisa de <F. Scott Fitzgerald> publicata in <1925> costa <10.79>
 3. Cartea <Dune> scrisa de <Frank Herbert> publicata in <1965> costa <16.79>
 4. Cartea <1984> scrisa de <George Orwell> publicata in <1949> costa <11.99>
 5. Cartea <A Game of Thrones> scrisa de <George R.R. Martin> publicata in <1996> costa <15.99>
 6. Cartea <To Kill a Mockingbird> scrisa de <Harper Lee> publicata in <1960> costa <12.79>
 7. Cartea <Moby-Dick> scrisa de <Herman Melville> publicata in <1851> costa <14.39>
 8. Cartea <The Catcher in the Rye> scrisa de <J.D. Salinger> publicata in <1951> costa <11.59>
 9. Cartea <Harry Potter and the Sorcerer's Stone> scrisa de <J.K. Rowling> publicata in <1997> costa <18.39>
10. Cartea <The Hobbit> scrisa de <J.R.R. Tolkien> publicata in <1937> costa <12.79>
11. Cartea <The Lord of the Rings> scrisa de <J.R.R. Tolkien> publicata in <1954> costa <20.79>
12. Cartea <Pride and Prejudice> scrisa de <Jane Austen> publicata in <1813> costa <10.39>
13. Cartea <War and Peace> scrisa de <Leo Tolstoy> publicata in <1869> costa <16.79>
14. Cartea <The Name of the Wind> scrisa de <Patrick Rothfuss> publicata in <2007> costa <18.99>
15. Cartea <The Alchemist> scrisa de <Paulo Coelho> publicata in <1988> costa <13.19>
16. Cartea <The Girl with the Dragon Tattoo> scrisa de <Stieg Larsson> publicata in <2005> costa <15.49>
17. Cartea <The Hunger Games> scrisa de <Suzanne Collins> publicata in <2008> costa <14.99>
18. Cartea <Good Omens> scrisa de <Terry Pratchett, Neil Gaiman> publicata in <1990> costa <13.59>
19. Cartea <Sapiens: A Brief History of Humankind> scrisa de <Yuval Noah Harari> publicata in <2011> costa <21.99>
-------------------------------------------------------------------------------------------------------------------

